<component name="libraryTable">
  <library name="junit-jupiter-api-5.9.2">
    <CLASSES>
      <root url="jar://$PROJECT_DIR$/test/lib/junit-jupiter-api-5.9.2.jar!/" />
      <root url="jar://$PROJECT_DIR$/test/lib/apiguardian-api-1.1.2.jar!/" />
      <root url="jar://$PROJECT_DIR$/test/lib/junit-jupiter-engine-5.9.2.jar!/" />
      <root url="jar://$PROJECT_DIR$/test/lib/junit-platform-commons-1.9.2.jar!/" />
      <root url="jar://$PROJECT_DIR$/test/lib/junit-platform-engine-1.9.2.jar!/" />
      <root url="jar://$PROJECT_DIR$/test/lib/opentest4j-1.2.0.jar!/" />
      <root url="file://$PROJECT_DIR$/src/test/lib" />
    </CLASSES>
    <JAVADOC />
    <SOURCES />
    <jarDirectory url="file://$PROJECT_DIR$/src/test/lib" recursive="false" />
  </library>
</component>